2025-09-17 11:35:10,473:CRITICAL:discord: ERRO CRÍTICO: Variáveis de ambiente DISCORD_TOKEN ou CANAL_NOTIFICACAO_ID não configuradas. Crie um arquivo .env.
2025-09-17 11:35:42,490:CRITICAL:discord: ERRO CRÍTICO: Variáveis de ambiente DISCORD_TOKEN ou CANAL_NOTIFICACAO_ID não configuradas. Crie um arquivo .env.
2025-09-17 11:38:20,576:CRITICAL:discord: ERRO CRÍTICO: Variáveis de ambiente DISCORD_TOKEN ou CANAL_NOTIFICACAO_ID não configuradas. Crie um arquivo .env.
2025-09-17 11:39:57,511:INFO:discord.client: logging in using static token
2025-09-17 11:39:59,196:INFO:discord.gateway: Shard ID None has connected to Gateway (Session ID: ff354fd60dfda67b921bd4ab01b8321d).
2025-09-17 11:40:01,199:INFO:discord: Bot conectado como Monitor SEFAZ#8613 (ID: 1417698656437534842)
2025-09-17 11:40:01,200:INFO:discord: Iniciando monitoramento com a API do nfe.io.
2025-09-17 11:40:01,200:INFO:discord: Executando verificação automática (nfe.io)...
2025-09-17 11:40:01,920:INFO:discord: Verificação concluída e status salvo.
2025-09-17 11:43:51,691:INFO:discord.client: logging in using static token
2025-09-17 11:43:53,461:INFO:discord.gateway: Shard ID None has connected to Gateway (Session ID: 81c9c926bad59a8bed127da48c4caef2).
2025-09-17 11:43:55,465:INFO:discord: Bot conectado como Monitor SEFAZ#8613 (ID: 1417698656437534842)
2025-09-17 11:43:55,466:INFO:discord: Iniciando monitoramento com a API do nfe.io.
2025-09-17 11:43:55,466:INFO:discord: Executando verificação automática (nfe.io)...
2025-09-17 11:43:56,147:INFO:discord: Verificação concluída e status salvo.
2025-09-17 11:53:55,481:INFO:discord: Executando verificação automática (nfe.io)...
2025-09-17 11:53:57,456:INFO:discord: Verificação concluída e status salvo.
2025-09-17 12:03:55,466:INFO:discord: Executando verificação automática (nfe.io)...
2025-09-17 12:03:56,221:INFO:discord: Verificação concluída e status salvo.
2025-09-17 12:13:55,471:INFO:discord: Executando verificação automática (nfe.io)...
2025-09-17 12:13:56,185:INFO:discord: Verificação concluída e status salvo.
2025-09-17 12:23:55,475:INFO:discord: Executando verificação automática (nfe.io)...
2025-09-17 12:23:56,037:INFO:discord: Verificação concluída e status salvo.
2025-09-17 12:33:55,470:INFO:discord: Executando verificação automática (nfe.io)...
2025-09-17 12:33:56,206:INFO:discord: Verificação concluída e status salvo.
2025-09-17 12:38:45,025:INFO:discord.gateway: Shard ID None has successfully RESUMED session 81c9c926bad59a8bed127da48c4caef2.
2025-09-17 12:43:55,477:INFO:discord: Executando verificação automática (nfe.io)...
2025-09-17 12:43:55,884:INFO:discord: Verificação concluída e status salvo.
2025-09-17 12:53:55,473:INFO:discord: Executando verificação automática (nfe.io)...
2025-09-17 12:53:55,888:INFO:discord: Verificação concluída e status salvo.
2025-09-17 13:03:55,482:INFO:discord: Executando verificação automática (nfe.io)...
2025-09-17 13:03:56,276:INFO:discord: Verificação concluída e status salvo.
2025-09-17 13:04:48,557:INFO:discord.gateway: Shard ID None has successfully RESUMED session 81c9c926bad59a8bed127da48c4caef2.
2025-09-17 13:13:55,473:INFO:discord: Executando verificação automática (nfe.io)...
2025-09-17 13:13:56,195:INFO:discord: Verificação concluída e status salvo.
2025-09-17 13:23:55,483:INFO:discord: Executando verificação automática (nfe.io)...
2025-09-17 13:23:56,223:INFO:discord: Verificação concluída e status salvo.
2025-09-17 13:33:55,479:INFO:discord: Executando verificação automática (nfe.io)...
2025-09-17 13:33:56,042:INFO:discord: Verificação concluída e status salvo.
2025-09-17 13:43:55,473:INFO:discord: Executando verificação automática (nfe.io)...
2025-09-17 13:43:55,813:INFO:discord: Verificação concluída e status salvo.
2025-09-17 13:53:37,490:INFO:discord.gateway: Shard ID None has successfully RESUMED session 81c9c926bad59a8bed127da48c4caef2.
2025-09-17 13:53:55,472:INFO:discord: Executando verificação automática (nfe.io)...
2025-09-17 13:53:55,883:INFO:discord: Verificação concluída e status salvo.
2025-09-17 14:03:55,467:INFO:discord: Executando verificação automática (nfe.io)...
2025-09-17 14:03:55,818:INFO:discord: Verificação concluída e status salvo.
2025-09-17 14:13:55,475:INFO:discord: Executando verificação automática (nfe.io)...
2025-09-17 14:13:56,216:INFO:discord: Verificação concluída e status salvo.
2025-09-17 14:18:09,160:INFO:discord.gateway: Shard ID None has successfully RESUMED session 81c9c926bad59a8bed127da48c4caef2.
2025-09-17 14:23:55,469:INFO:discord: Executando verificação automática (nfe.io)...
2025-09-17 14:23:56,188:INFO:discord: Verificação concluída e status salvo.
2025-09-17 14:29:03,698:ERROR:discord.ext.commands.bot: Ignoring exception in command None
discord.ext.commands.errors.CommandNotFound: Command "sefazs" is not found
2025-09-17 14:33:55,477:INFO:discord: Executando verificação automática (nfe.io)...
2025-09-17 14:33:56,369:INFO:discord: Verificação concluída e status salvo.
2025-09-17 14:43:55,474:INFO:discord: Executando verificação automática (nfe.io)...
2025-09-17 14:43:56,193:INFO:discord: Verificação concluída e status salvo.
2025-09-17 14:53:55,480:INFO:discord: Executando verificação automática (nfe.io)...
2025-09-17 14:53:57,006:INFO:discord: Verificação concluída e status salvo.
2025-09-17 15:03:55,477:INFO:discord: Executando verificação automática (nfe.io)...
2025-09-17 15:03:56,692:INFO:discord: Verificação concluída e status salvo.
2025-09-17 15:13:55,466:INFO:discord: Executando verificação automática (nfe.io)...
2025-09-17 15:13:55,901:INFO:discord: Verificação concluída e status salvo.
2025-09-17 15:23:55,466:INFO:discord: Executando verificação automática (nfe.io)...
2025-09-17 15:23:55,839:INFO:discord: Verificação concluída e status salvo.
2025-09-17 15:33:55,480:INFO:discord: Executando verificação automática (nfe.io)...
2025-09-17 15:33:55,853:INFO:discord: Verificação concluída e status salvo.
2025-09-17 15:43:55,467:INFO:discord: Executando verificação automática (nfe.io)...
2025-09-17 15:43:55,868:INFO:discord: Verificação concluída e status salvo.
2025-09-17 15:53:55,475:INFO:discord: Executando verificação automática (nfe.io)...
2025-09-17 15:53:55,849:INFO:discord: Verificação concluída e status salvo.
2025-09-17 16:03:55,484:INFO:discord: Executando verificação automática (nfe.io)...
2025-09-17 16:03:56,061:INFO:discord: Verificação concluída e status salvo.
2025-09-17 16:13:55,479:INFO:discord: Executando verificação automática (nfe.io)...
2025-09-17 16:13:55,846:INFO:discord: Verificação concluída e status salvo.
2025-09-17 16:23:55,466:INFO:discord: Executando verificação automática (nfe.io)...
2025-09-17 16:23:56,271:INFO:discord: Verificação concluída e status salvo.
2025-09-17 16:33:55,483:INFO:discord: Executando verificação automática (nfe.io)...
2025-09-17 16:33:57,057:INFO:discord: Verificação concluída e status salvo.
2025-09-17 16:43:55,469:INFO:discord: Executando verificação automática (nfe.io)...
2025-09-17 16:43:55,888:INFO:discord: Verificação concluída e status salvo.
2025-09-17 16:53:55,476:INFO:discord: Executando verificação automática (nfe.io)...
2025-09-17 16:53:56,048:INFO:discord: Verificação concluída e status salvo.
2025-09-17 17:03:55,480:INFO:discord: Executando verificação automática (nfe.io)...
2025-09-17 17:03:56,021:INFO:discord: Verificação concluída e status salvo.
2025-09-17 17:13:55,468:INFO:discord: Executando verificação automática (nfe.io)...
2025-09-17 17:13:55,911:INFO:discord: Verificação concluída e status salvo.
2025-09-17 17:23:55,469:INFO:discord: Executando verificação automática (nfe.io)...
2025-09-17 17:23:55,870:INFO:discord: Verificação concluída e status salvo.
2025-09-17 17:33:55,476:INFO:discord: Executando verificação automática (nfe.io)...
2025-09-17 17:33:55,875:INFO:discord: Verificação concluída e status salvo.
2025-09-17 17:43:55,477:INFO:discord: Executando verificação automática (nfe.io)...
2025-09-17 17:43:56,218:INFO:discord: Verificação concluída e status salvo.
2025-09-17 17:53:55,477:INFO:discord: Executando verificação automática (nfe.io)...
2025-09-17 17:53:56,397:INFO:discord: Verificação concluída e status salvo.
2025-09-17 18:02:14,781:INFO:discord.gateway: Shard ID None has successfully RESUMED session 81c9c926bad59a8bed127da48c4caef2.
2025-09-17 18:03:55,467:INFO:discord: Executando verificação automática (nfe.io)...
2025-09-17 18:03:56,215:INFO:discord: Verificação concluída e status salvo.
2025-09-17 22:47:17,932:INFO:discord.client: logging in using static token
2025-09-17 22:47:19,545:INFO:discord.gateway: Shard ID None has connected to Gateway (Session ID: e1feb4571288e258766156658ae8eaf8).
2025-09-17 22:47:21,547:INFO:discord: Bot conectado como Monitor SEFAZ#8613 (ID: 1417698656437534842)
2025-09-17 22:47:21,547:INFO:discord: Iniciando monitoramento com a API do nfe.io.
2025-09-17 22:47:21,547:INFO:discord: Executando verificação automática (nfe.io)...
2025-09-17 22:47:22,190:INFO:discord: Verificação concluída e status salvo.
2025-09-17 22:48:56,143:INFO:discord.client: logging in using static token
2025-09-17 22:48:57,679:INFO:discord.gateway: Shard ID None has connected to Gateway (Session ID: 4cf4c6848c2608b929ffc6ca0c8783b3).
2025-09-17 22:48:59,681:INFO:discord: Bot conectado como Monitor SEFAZ#8613 (ID: 1417698656437534842)
2025-09-17 22:48:59,682:INFO:discord: Iniciando monitoramento com a API do nfe.io.
2025-09-17 22:48:59,682:INFO:discord: Executando verificação automática (nfe.io)...
2025-09-17 22:49:00,210:INFO:discord: Verificação concluída e status salvo.
2025-09-17 22:51:10,109:INFO:discord.client: logging in using static token
2025-09-17 22:51:11,440:INFO:discord.gateway: Shard ID None has connected to Gateway (Session ID: f0c9bb9f12294b56b30bacfe9267d6b7).
2025-09-17 22:51:13,444:INFO:discord: Bot conectado como Monitor SEFAZ#8613 (ID: 1417698656437534842)
2025-09-17 22:51:13,445:INFO:discord: Iniciando monitoramento com a API do nfe.io.
2025-09-17 22:51:13,445:INFO:discord: Executando verificação automática (nfe.io)...
2025-09-17 22:51:13,787:INFO:discord: Verificação concluída e status salvo.
2025-09-17 22:53:56,421:INFO:discord.client: logging in using static token
2025-09-17 22:53:57,824:INFO:discord.gateway: Shard ID None has connected to Gateway (Session ID: 19fbb8f6814fb0ae01ed8e4cf78feec1).
2025-09-17 22:53:59,830:INFO:discord: Bot conectado como Monitor SEFAZ#8613 (ID: 1417698656437534842)
2025-09-17 22:53:59,830:INFO:discord: Iniciando monitoramento com a API do nfe.io.
2025-09-17 22:53:59,830:INFO:discord: Executando verificação automática (nfe.io)...
2025-09-17 22:54:00,199:INFO:discord: Detectadas 2 mudanças de status. Enviando notificação.
2025-09-17 22:54:00,507:INFO:discord: Verificação concluída e status salvo.
2025-09-17 22:55:29,225:INFO:discord.client: logging in using static token
2025-09-17 22:55:30,780:INFO:discord.gateway: Shard ID None has connected to Gateway (Session ID: d034d292a35c8e80ace0e2dd8de3bd81).
2025-09-17 22:55:32,784:INFO:discord: Bot conectado como Monitor SEFAZ#8613 (ID: 1417698656437534842)
2025-09-17 22:55:32,785:INFO:discord: Iniciando monitoramento com a API do nfe.io.
2025-09-17 22:55:32,785:INFO:discord: Executando verificação automática (nfe.io)...
2025-09-17 22:55:33,170:INFO:discord: Verificação concluída e status salvo.
2025-09-17 23:11:03,025:INFO:discord.client: logging in using static token
2025-09-17 23:11:04,496:INFO:discord.gateway: Shard ID None has connected to Gateway (Session ID: 21ce59bff74dfb7fccef5d6ee9e2cbf2).
2025-09-17 23:11:06,502:INFO:discord: Bot conectado como Monitor SEFAZ#8613 (ID: 1417698656437534842)
2025-09-17 23:11:06,503:INFO:discord: Iniciando monitoramento com a API do nfe.io.
2025-09-17 23:11:06,503:INFO:discord: Executando verificação automática (nfe.io)...
2025-09-17 23:11:06,986:INFO:discord: Verificação concluída e status salvo.
